0 info it worked if it ends with ok
1 verbose cli [ '/usr/local/bin/node', '/usr/local/bin/npm', 'start' ]
2 info using npm@3.9.6
3 info using node@v4.4.3
4 verbose run-script [ 'prestart', 'start', 'poststart' ]
5 info lifecycle @jeffreyschwartz/react-hello-world@1.0.0~prestart: @jeffreyschwartz/react-hello-world@1.0.0
6 silly lifecycle @jeffreyschwartz/react-hello-world@1.0.0~prestart: no script for prestart, continuing
7 info lifecycle @jeffreyschwartz/react-hello-world@1.0.0~start: @jeffreyschwartz/react-hello-world@1.0.0
8 verbose lifecycle @jeffreyschwartz/react-hello-world@1.0.0~start: unsafe-perm in lifecycle true
9 verbose lifecycle @jeffreyschwartz/react-hello-world@1.0.0~start: PATH: /usr/local/lib/node_modules/npm/bin/node-gyp-bin:/Users/Jeff/Development/reactjs/react-typescript-quickstart/node_modules/.bin:/usr/local/bin:/opt/local/bin:/opt/local/sbin:/Users/Jeff/bin:/usr/local/git/bin:/usr/local/lib:/Users/Jeff/Development/phantomjs-2.0.0-macosx/bin:/usr/bin:/bin:/usr/sbin:/sbin:/usr/local/bin:/usr/local/git/bin
10 verbose lifecycle @jeffreyschwartz/react-hello-world@1.0.0~start: CWD: /Users/Jeff/Development/reactjs/react-typescript-quickstart
11 silly lifecycle @jeffreyschwartz/react-hello-world@1.0.0~start: Args: [ '-c',
11 silly lifecycle   'tsc && webpack && concurrently "npm run tsc:w"  "npm run webpack:w" "npm run lite" ' ]
12 silly lifecycle @jeffreyschwartz/react-hello-world@1.0.0~start: Returned: code: 2  signal: null
13 info lifecycle @jeffreyschwartz/react-hello-world@1.0.0~start: Failed to exec start script
14 verbose stack Error: @jeffreyschwartz/react-hello-world@1.0.0 start: `tsc && webpack && concurrently "npm run tsc:w"  "npm run webpack:w" "npm run lite" `
14 verbose stack Exit status 2
14 verbose stack     at EventEmitter.<anonymous> (/usr/local/lib/node_modules/npm/lib/utils/lifecycle.js:245:16)
14 verbose stack     at emitTwo (events.js:87:13)
14 verbose stack     at EventEmitter.emit (events.js:172:7)
14 verbose stack     at ChildProcess.<anonymous> (/usr/local/lib/node_modules/npm/lib/utils/spawn.js:24:14)
14 verbose stack     at emitTwo (events.js:87:13)
14 verbose stack     at ChildProcess.emit (events.js:172:7)
14 verbose stack     at maybeClose (internal/child_process.js:827:16)
14 verbose stack     at Process.ChildProcess._handle.onexit (internal/child_process.js:211:5)
15 verbose pkgid @jeffreyschwartz/react-hello-world@1.0.0
16 verbose cwd /Users/Jeff/Development/reactjs/react-typescript-quickstart
17 error Darwin 13.4.0
18 error argv "/usr/local/bin/node" "/usr/local/bin/npm" "start"
19 error node v4.4.3
20 error npm  v3.9.6
21 error code ELIFECYCLE
22 error @jeffreyschwartz/react-hello-world@1.0.0 start: `tsc && webpack && concurrently "npm run tsc:w"  "npm run webpack:w" "npm run lite" `
22 error Exit status 2
23 error Failed at the @jeffreyschwartz/react-hello-world@1.0.0 start script 'tsc && webpack && concurrently "npm run tsc:w"  "npm run webpack:w" "npm run lite" '.
23 error Make sure you have the latest version of node.js and npm installed.
23 error If you do, this is most likely a problem with the @jeffreyschwartz/react-hello-world package,
23 error not with npm itself.
23 error Tell the author that this fails on your system:
23 error     tsc && webpack && concurrently "npm run tsc:w"  "npm run webpack:w" "npm run lite"
23 error You can get information on how to open an issue for this project with:
23 error     npm bugs @jeffreyschwartz/react-hello-world
23 error Or if that isn't available, you can get their info via:
23 error     npm owner ls @jeffreyschwartz/react-hello-world
23 error There is likely additional logging output above.
24 verbose exit [ 1, true ]
